<?xml version="1.0" encoding="UTF-8"?>
<!-- Generated by org.testng.reporters.JUnitReportReporter -->
<testsuite hostname="DESKTOP-N925Q0D" failures="0" tests="1" name="com.Banking.StellerBank.User.Apply_Debit_Card_Test" time="20.191" errors="0" timestamp="2023-05-30T14:53:37 IST" skipped="0">
  <testcase classname="com.Banking.StellerBank.User.Apply_Debit_Card_Test" name="apply_Debit_Card" time="20.191"/>
  <system-out>
    <![CDATA[Apply Debit card test is pass]]>
  </system-out>
</testsuite> <!-- com.Banking.StellerBank.User.Apply_Debit_Card_Test -->
