<?xml version="1.0" encoding="UTF-8"?>
<!-- Generated by org.testng.reporters.JUnitReportReporter -->
<testsuite hostname="DESKTOP-N925Q0D" failures="0" tests="1" name="com.Banking.StellerBank.User.BatchExecution" time="0.003" errors="0" timestamp="2023-05-26T17:40:10 IST" skipped="0">
  <testcase classname="com.Banking.StellerBank.User.BatchExecution" name="f" time="0.003"/>
  <system-out/>
</testsuite> <!-- com.Banking.StellerBank.User.BatchExecution -->
