<?xml version="1.0" encoding="UTF-8"?>
<!-- Generated by org.testng.reporters.JUnitReportReporter -->
<testsuite hostname="DESKTOP-N925Q0D" failures="0" tests="1" name="com.Banking.StellerBank.User.Fund_Transfer_Test" time="32.322" errors="0" timestamp="2023-05-30T14:55:35 IST" skipped="0">
  <testcase classname="com.Banking.StellerBank.User.Fund_Transfer_Test" name="Fund_Transfer_Module" time="32.322"/>
  <system-out>
    <![CDATA[Fund Transfer Test Case is Pass]]>
  </system-out>
</testsuite> <!-- com.Banking.StellerBank.User.Fund_Transfer_Test -->
