<?xml version="1.0" encoding="UTF-8"?>
<!-- Generated by org.testng.reporters.JUnitReportReporter -->
<testsuite hostname="DESKTOP-N925Q0D" failures="0" tests="4" name="testNG_test.Get_Data_From_Excel" time="0.020" errors="0" timestamp="2023-05-24T11:52:16 IST" skipped="0">
  <testcase classname="testNG_test.Get_Data_From_Excel" name="Getdata" time="0.004"/>
  <system-out/>
  <testcase classname="testNG_test.Get_Data_From_Excel" name="Getdata" time="0.003"/>
  <system-out/>
  <testcase classname="testNG_test.Get_Data_From_Excel" name="Getdata" time="0.011"/>
  <system-out/>
  <testcase classname="testNG_test.Get_Data_From_Excel" name="Getdata" time="0.002"/>
  <system-out/>
</testsuite> <!-- testNG_test.Get_Data_From_Excel -->
