<?xml version="1.0" encoding="UTF-8"?>
<!-- Generated by org.testng.reporters.JUnitReportReporter -->
<testsuite hostname="DESKTOP-N925Q0D" failures="0" tests="4" name="testNG_test.Get_Data_4_4" time="0.012" errors="0" timestamp="2023-05-26T17:40:10 IST" skipped="0">
  <testcase classname="testNG_test.Get_Data_4_4" name="get" time="0.003"/>
  <system-out/>
  <testcase classname="testNG_test.Get_Data_4_4" name="get" time="0.005"/>
  <system-out/>
  <testcase classname="testNG_test.Get_Data_4_4" name="get" time="0.002"/>
  <system-out/>
  <testcase classname="testNG_test.Get_Data_4_4" name="get" time="0.002"/>
  <system-out/>
</testsuite> <!-- testNG_test.Get_Data_4_4 -->
