<?xml version="1.0" encoding="UTF-8"?>
<!-- Generated by org.testng.reporters.JUnitReportReporter -->
<testsuite hostname="DESKTOP-N925Q0D" failures="0" tests="4" name="testNG_test.Practice" time="0.024" errors="0" timestamp="2023-05-23T17:23:34 IST" skipped="0">
  <testcase classname="testNG_test.Practice" name="approveaccount" time="0.003"/>
  <system-out/>
  <testcase classname="testNG_test.Practice" name="deleteaccount" time="0.003"/>
  <system-out/>
  <testcase classname="testNG_test.Practice" name="viewaccount" time="0.016"/>
  <system-out/>
  <testcase classname="testNG_test.Practice" name="openaccount" time="0.002"/>
  <system-out/>
</testsuite> <!-- testNG_test.Practice -->
