<?xml version="1.0" encoding="UTF-8"?>
<!-- Generated by org.testng.reporters.JUnitReportReporter -->
<testsuite hostname="DESKTOP-N925Q0D" failures="0" tests="1" name="com.Banking.StellerBank.Staff.View_Customer_Details_by_Accont_no_Test" time="18.444" errors="0" timestamp="2023-05-30T14:52:51 IST" skipped="0">
  <testcase classname="com.Banking.StellerBank.Staff.View_Customer_Details_by_Accont_no_Test" name="View_Customer_Details_by_Account_no_Module" time="18.444"/>
  <system-out>
    <![CDATA[View Customer Details By Account Number Test Case is Pass]]>
  </system-out>
</testsuite> <!-- com.Banking.StellerBank.Staff.View_Customer_Details_by_Accont_no_Test -->
