<?xml version="1.0" encoding="UTF-8"?>
<!-- Generated by org.testng.reporters.JUnitReportReporter -->
<testsuite hostname="DESKTOP-N925Q0D" failures="0" tests="4" name="testNG_test.Get_Data_From_Excel_Print" time="0.031" errors="0" timestamp="2023-05-26T17:40:10 IST" skipped="0">
  <testcase classname="testNG_test.Get_Data_From_Excel_Print" name="Getdata" time="0.006"/>
  <system-out/>
  <testcase classname="testNG_test.Get_Data_From_Excel_Print" name="Getdata" time="0.014"/>
  <system-out/>
  <testcase classname="testNG_test.Get_Data_From_Excel_Print" name="Getdata" time="0.004"/>
  <system-out/>
  <testcase classname="testNG_test.Get_Data_From_Excel_Print" name="Getdata" time="0.007"/>
  <system-out/>
</testsuite> <!-- testNG_test.Get_Data_From_Excel_Print -->
