<?xml version="1.0" encoding="UTF-8"?>
<!-- Generated by org.testng.reporters.JUnitReportReporter -->
<testsuite hostname="DESKTOP-N925Q0D" failures="0" tests="3" name="testNG_test.Datapriver_3_3" time="0.016" errors="0" timestamp="2023-05-23T17:58:51 IST" skipped="0">
  <testcase classname="testNG_test.Datapriver_3_3" name="get" time="0.011"/>
  <system-out/>
  <testcase classname="testNG_test.Datapriver_3_3" name="get" time="0.004"/>
  <system-out/>
  <testcase classname="testNG_test.Datapriver_3_3" name="get" time="0.001"/>
  <system-out/>
</testsuite> <!-- testNG_test.Datapriver_3_3 -->
