<?xml version="1.0" encoding="UTF-8"?>
<!-- Generated by org.testng.reporters.JUnitReportReporter -->
<testsuite hostname="DESKTOP-N925Q0D" failures="0" tests="1" name="com.Banking.StellerBank.Staff.Credit_customer_Test" time="15.712" errors="0" timestamp="2023-05-30T13:06:46 IST" skipped="0">
  <testcase classname="com.Banking.StellerBank.Staff.Credit_customer_Test" name="credit_Customer_Module" time="15.712"/>
  <system-out>
    <![CDATA[Credit Customer Test case is pass]]>
  </system-out>
</testsuite> <!-- com.Banking.StellerBank.Staff.Credit_customer_Test -->
