<?xml version="1.0" encoding="UTF-8"?>
<!-- Generated by org.testng.reporters.JUnitReportReporter -->
<testsuite hostname="DESKTOP-N925Q0D" failures="0" tests="1" name="com.Banking.StellerBank.User.Open_Account_Test" time="8.813" errors="0" timestamp="2023-05-30T14:56:11 IST" skipped="0">
  <testcase classname="com.Banking.StellerBank.User.Open_Account_Test" name="Open_Account_Module" time="8.813"/>
  <system-out>
    <![CDATA[Open Account Test Case is Pass]]>
  </system-out>
</testsuite> <!-- com.Banking.StellerBank.User.Open_Account_Test -->
