<?xml version="1.0" encoding="UTF-8"?>
<!-- Generated by org.testng.reporters.JUnitReportReporter -->
<testsuite hostname="DESKTOP-N925Q0D" failures="0" tests="1" name="com.Banking.StellerBank.User.Change_password_Test" time="28.387" errors="0" timestamp="2023-05-30T14:54:37 IST" skipped="0">
  <testcase classname="com.Banking.StellerBank.User.Change_password_Test" name="Change_password_Module" time="28.387"/>
  <system-out>
    <![CDATA[Change_password_Test Testcase is Pass]]>
  </system-out>
</testsuite> <!-- com.Banking.StellerBank.User.Change_password_Test -->
