<?xml version="1.0" encoding="UTF-8"?>
<!-- Generated by org.testng.reporters.JUnitReportReporter -->
<testsuite hostname="DESKTOP-N925Q0D" failures="0" tests="4" name="testNG_test.Dataprovide_Get_4_5" time="0.025" errors="0" timestamp="2023-05-24T10:25:38 IST" skipped="0">
  <testcase classname="testNG_test.Dataprovide_Get_4_5" name="get" time="0.011"/>
  <system-out/>
  <testcase classname="testNG_test.Dataprovide_Get_4_5" name="get" time="0.003"/>
  <system-out/>
  <testcase classname="testNG_test.Dataprovide_Get_4_5" name="get" time="0.003"/>
  <system-out/>
  <testcase classname="testNG_test.Dataprovide_Get_4_5" name="get" time="0.008"/>
  <system-out/>
</testsuite> <!-- testNG_test.Dataprovide_Get_4_5 -->
